<?xml version="1.0" encoding="UTF-8"?>
<testng-results ignored="0" total="1" passed="1" failed="0" skipped="0">
  <reporter-output>
  </reporter-output>
  <suite started-at="2022-09-22T10:52:58 IST" name="Default suite" finished-at="2022-09-22T10:53:53 IST" duration-ms="54273">
    <groups>
    </groups>
    <test started-at="2022-09-22T10:52:58 IST" name="Default test" finished-at="2022-09-22T10:53:53 IST" duration-ms="54273">
      <class name="page_object.Runner">
        <test-method is-config="true" signature="beforeTest()[pri:0, instance:page_object.Runner@7a419da4]" started-at="2022-09-22T10:52:59 IST" name="beforeTest" finished-at="2022-09-22T10:53:33 IST" duration-ms="34911" status="PASS">
          <reporter-output>
          </reporter-output>
        </test-method> <!-- beforeTest -->
        <test-method signature="RunSearchFlight()[pri:0, instance:page_object.Runner@7a419da4]" started-at="2022-09-22T10:53:33 IST" name="RunSearchFlight" finished-at="2022-09-22T10:53:48 IST" duration-ms="14508" status="PASS">
          <reporter-output>
          </reporter-output>
        </test-method> <!-- RunSearchFlight -->
        <test-method is-config="true" signature="afterTest()[pri:0, instance:page_object.Runner@7a419da4]" started-at="2022-09-22T10:53:48 IST" name="afterTest" finished-at="2022-09-22T10:53:53 IST" duration-ms="4757" status="PASS">
          <reporter-output>
          </reporter-output>
        </test-method> <!-- afterTest -->
      </class> <!-- page_object.Runner -->
    </test> <!-- Default test -->
  </suite> <!-- Default suite -->
</testng-results>
